[0m[[0m[0mdebug[0m] [0m[0m> Exec(run, Some(aa407e07-6dc9-4779-ac82-2aa3d1520abb), Some(CommandSource(console0)))[0m
[0m[[0m[0mdebug[0m] [0m[0mEvaluating tasks: Compile / run[0m
[0m[[0m[0mdebug[0m] [0m[0mRunning task... Cancel: Signal, check cycles: false, forcegc: true[0m
[0m[[0m[0minfo[0m] [0m[0mcompiling 1 Scala source to C:\Users\HP\OneDrive\Desktop\project_2\Project2\target\scala-2.11\classes ...[0m
[0m[[0m[31merror[0m] [0m[0morg.apache.spark.sql.catalyst.parser.ParseException: [0m
[0m[[0m[31merror[0m] [0m[0mmismatched input 'as' expecting {')', ','}(line 1, pos 119)[0m
[0m[[0m[31merror[0m] [0m[0m[0m
[0m[[0m[31merror[0m] [0m[0m== SQL ==[0m
[0m[[0m[31merror[0m] [0m[0mSelect location, population, MAX(total_cases) as total_cases,  round(Max((people_fully_vaccinateds/populations)*100,2) as PercentPopulationInfected   From df1 Group by Location, Population order by PercentPopulationInfected desc[0m
[0m[[0m[31merror[0m] [0m[0m-----------------------------------------------------------------------------------------------------------------------^^^[0m
[0m[[0m[31merror[0m] [0m[0m[0m
[0m[[0m[31merror[0m] [0m[0m	at org.apache.spark.sql.catalyst.parser.ParseException.withCommand(ParseDriver.scala:239)[0m
[0m[[0m[31merror[0m] [0m[0m	at org.apache.spark.sql.catalyst.parser.AbstractSqlParser.parse(ParseDriver.scala:115)[0m
[0m[[0m[31merror[0m] [0m[0m	at org.apache.spark.sql.execution.SparkSqlParser.parse(SparkSqlParser.scala:48)[0m
[0m[[0m[31merror[0m] [0m[0m	at org.apache.spark.sql.catalyst.parser.AbstractSqlParser.parsePlan(ParseDriver.scala:69)[0m
[0m[[0m[31merror[0m] [0m[0m	at org.apache.spark.sql.SparkSession.sql(SparkSession.scala:642)[0m
[0m[[0m[31merror[0m] [0m[0m	at hardik.PercentPopulationInfected(hardik.scala:72)[0m
[0m[[0m[31merror[0m] [0m[0m	at display.option(display.scala:88)[0m
[0m[[0m[31merror[0m] [0m[0m	at Project2$.main(Project2.scala:69)[0m
[0m[[0m[31merror[0m] [0m[0m	at Project2.main(Project2.scala)[0m
[0m[[0m[31merror[0m] [0m[0m	at sun.reflect.NativeMethodAccessorImpl.invoke0(Native Method)[0m
[0m[[0m[31merror[0m] [0m[0m	at sun.reflect.NativeMethodAccessorImpl.invoke(NativeMethodAccessorImpl.java:62)[0m
[0m[[0m[31merror[0m] [0m[0m	at sun.reflect.DelegatingMethodAccessorImpl.invoke(DelegatingMethodAccessorImpl.java:43)[0m
[0m[[0m[31merror[0m] [0m[0m	at java.lang.reflect.Method.invoke(Method.java:498)[0m
[0m[[0m[31merror[0m] [0m[0m	at sbt.Run.invokeMain(Run.scala:143)[0m
[0m[[0m[31merror[0m] [0m[0m	at sbt.Run.execute$1(Run.scala:93)[0m
[0m[[0m[31merror[0m] [0m[0m	at sbt.Run.$anonfun$runWithLoader$5(Run.scala:120)[0m
[0m[[0m[31merror[0m] [0m[0m	at sbt.Run$.executeSuccess(Run.scala:186)[0m
[0m[[0m[31merror[0m] [0m[0m	at sbt.Run.runWithLoader(Run.scala:120)[0m
[0m[[0m[31merror[0m] [0m[0m	at sbt.Defaults$.$anonfun$bgRunTask$6(Defaults.scala:1983)[0m
[0m[[0m[31merror[0m] [0m[0m	at sbt.Defaults$.$anonfun$termWrapper$2(Defaults.scala:1922)[0m
[0m[[0m[31merror[0m] [0m[0m	at scala.runtime.java8.JFunction0$mcV$sp.apply(JFunction0$mcV$sp.java:23)[0m
[0m[[0m[31merror[0m] [0m[0m	at scala.util.Try$.apply(Try.scala:213)[0m
[0m[[0m[31merror[0m] [0m[0m	at sbt.internal.BackgroundThreadPool$BackgroundRunnable.run(DefaultBackgroundJobService.scala:369)[0m
[0m[[0m[31merror[0m] [0m[0m	at java.util.concurrent.ThreadPoolExecutor.runWorker(ThreadPoolExecutor.java:1149)[0m
[0m[[0m[31merror[0m] [0m[0m	at java.util.concurrent.ThreadPoolExecutor$Worker.run(ThreadPoolExecutor.java:624)[0m
[0m[[0m[31merror[0m] [0m[0m	at java.lang.Thread.run(Thread.java:748)[0m
[0m[[0m[31merror[0m] [0m[0m(Compile / [31mrun[0m) org.apache.spark.sql.catalyst.parser.ParseException: [0m
[0m[[0m[31merror[0m] [0m[0mmismatched input 'as' expecting {')', ','}(line 1, pos 119)[0m
[0m[[0m[31merror[0m] [0m[0m[0m
[0m[[0m[31merror[0m] [0m[0m== SQL ==[0m
[0m[[0m[31merror[0m] [0m[0mSelect location, population, MAX(total_cases) as total_cases,  round(Max((people_fully_vaccinateds/populations)*100,2) as PercentPopulationInfected   From df1 Group by Location, Population order by PercentPopulationInfected desc[0m
[0m[[0m[31merror[0m] [0m[0m-----------------------------------------------------------------------------------------------------------------------^^^[0m
[0m[[0m[31merror[0m] [0m[0mTotal time: 29 s, completed Feb 16, 2022 10:15:34 AM[0m
[0m[[0m[0mdebug[0m] [0m[0m> Exec(shell, None, None)[0m
