[0m[[0m[0mdebug[0m] [0m[0m> Exec(run, Some(ec3dc7b3-fd18-4d57-bbdc-9c25e0dd4f61), Some(CommandSource(console0)))[0m
[0m[[0m[0mdebug[0m] [0m[0mEvaluating tasks: Compile / run[0m
[0m[[0m[0mdebug[0m] [0m[0mRunning task... Cancel: Signal, check cycles: false, forcegc: true[0m
[0m[[0m[0minfo[0m] [0m[0mcompiling 1 Scala source to C:\Users\pcc\Desktop\Project2\target\scala-2.11\classes ...[0m
[0m[[0m[31merror[0m] [0m[0morg.apache.spark.sql.AnalysisException: expression 'WHERE.`total_deaths`' is neither present in the group by, nor is it an aggregate function. Add to group by or wrap in first() (or first_value) if you don't care which value you get.;;[0m
[0m[[0m[31merror[0m] [0m[0mGlobalLimit 10[0m
[0m[[0m[31merror[0m] [0m[0m+- LocalLimit 10[0m
[0m[[0m[31merror[0m] [0m[0m   +- Sort [total_deaths#16 DESC NULLS LAST], true[0m
[0m[[0m[31merror[0m] [0m[0m      +- Aggregate [location#12], [location#12, total_deaths#16, (cast(max(total_tests#19) as double) / cast(max(population#23) as double)) AS test_per_pop#52][0m
[0m[[0m[31merror[0m] [0m[0m         +- SubqueryAlias WHERE[0m
[0m[[0m[31merror[0m] [0m[0m            +- SubqueryAlias new_case[0m
[0m[[0m[31merror[0m] [0m[0m               +- Relation[iso_code#10,continent#11,location#12,date#13,total_cases#14,new_cases#15,total_deaths#16,new_deaths#17,new_tests#18,total_tests#19,total_vaccinations#20,people_vaccinated#21,people_fully_vaccinated#22,population#23,population_density#24,median_age#25,aged_65_older#26,aged_70_older#27,gdp_per_capita#28,hospital_beds_per_thousand#29,life_expectancy#30] csv[0m
[0m[[0m[31merror[0m] [0m[0m[0m
[0m[[0m[31merror[0m] [0m[0m	at org.apache.spark.sql.catalyst.analysis.CheckAnalysis$class.failAnalysis(CheckAnalysis.scala:41)[0m
[0m[[0m[31merror[0m] [0m[0m	at org.apache.spark.sql.catalyst.analysis.Analyzer.failAnalysis(Analyzer.scala:92)[0m
[0m[[0m[31merror[0m] [0m[0m	at org.apache.spark.sql.catalyst.analysis.CheckAnalysis$$anonfun$checkAnalysis$1.org$apache$spark$sql$catalyst$analysis$CheckAnalysis$class$$anonfun$$checkValidAggregateExpression$1(CheckAnalysis.scala:191)[0m
[0m[[0m[31merror[0m] [0m[0m	at org.apache.spark.sql.catalyst.analysis.CheckAnalysis$$anonfun$checkAnalysis$1$$anonfun$apply$9.apply(CheckAnalysis.scala:224)[0m
[0m[[0m[31merror[0m] [0m[0m	at org.apache.spark.sql.catalyst.analysis.CheckAnalysis$$anonfun$checkAnalysis$1$$anonfun$apply$9.apply(CheckAnalysis.scala:224)[0m
[0m[[0m[31merror[0m] [0m[0m	at scala.collection.immutable.List.foreach(List.scala:392)[0m
[0m[[0m[31merror[0m] [0m[0m	at org.apache.spark.sql.catalyst.analysis.CheckAnalysis$$anonfun$checkAnalysis$1.apply(CheckAnalysis.scala:224)[0m
[0m[[0m[31merror[0m] [0m[0m	at org.apache.spark.sql.catalyst.analysis.CheckAnalysis$$anonfun$checkAnalysis$1.apply(CheckAnalysis.scala:84)[0m
[0m[[0m[31merror[0m] [0m[0m	at org.apache.spark.sql.catalyst.trees.TreeNode.foreachUp(TreeNode.scala:127)[0m
[0m[[0m[31merror[0m] [0m[0m	at org.apache.spark.sql.catalyst.trees.TreeNode$$anonfun$foreachUp$1.apply(TreeNode.scala:126)[0m
[0m[[0m[31merror[0m] [0m[0m	at org.apache.spark.sql.catalyst.trees.TreeNode$$anonfun$foreachUp$1.apply(TreeNode.scala:126)[0m
[0m[[0m[31merror[0m] [0m[0m	at scala.collection.immutable.List.foreach(List.scala:392)[0m
[0m[[0m[31merror[0m] [0m[0m	at org.apache.spark.sql.catalyst.trees.TreeNode.foreachUp(TreeNode.scala:126)[0m
[0m[[0m[31merror[0m] [0m[0m	at org.apache.spark.sql.catalyst.trees.TreeNode$$anonfun$foreachUp$1.apply(TreeNode.scala:126)[0m
[0m[[0m[31merror[0m] [0m[0m	at org.apache.spark.sql.catalyst.trees.TreeNode$$anonfun$foreachUp$1.apply(TreeNode.scala:126)[0m
[0m[[0m[31merror[0m] [0m[0m	at scala.collection.immutable.List.foreach(List.scala:392)[0m
[0m[[0m[31merror[0m] [0m[0m	at org.apache.spark.sql.catalyst.trees.TreeNode.foreachUp(TreeNode.scala:126)[0m
[0m[[0m[31merror[0m] [0m[0m	at org.apache.spark.sql.catalyst.trees.TreeNode$$anonfun$foreachUp$1.apply(TreeNode.scala:126)[0m
[0m[[0m[31merror[0m] [0m[0m	at org.apache.spark.sql.catalyst.trees.TreeNode$$anonfun$foreachUp$1.apply(TreeNode.scala:126)[0m
[0m[[0m[31merror[0m] [0m[0m	at scala.collection.immutable.List.foreach(List.scala:392)[0m
[0m[[0m[31merror[0m] [0m[0m	at org.apache.spark.sql.catalyst.trees.TreeNode.foreachUp(TreeNode.scala:126)[0m
[0m[[0m[31merror[0m] [0m[0m	at org.apache.spark.sql.catalyst.analysis.CheckAnalysis$class.checkAnalysis(CheckAnalysis.scala:84)[0m
[0m[[0m[31merror[0m] [0m[0m	at org.apache.spark.sql.catalyst.analysis.Analyzer.checkAnalysis(Analyzer.scala:92)[0m
[0m[[0m[31merror[0m] [0m[0m	at org.apache.spark.sql.catalyst.analysis.Analyzer.executeAndCheck(Analyzer.scala:105)[0m
[0m[[0m[31merror[0m] [0m[0m	at org.apache.spark.sql.execution.QueryExecution.analyzed$lzycompute(QueryExecution.scala:57)[0m
[0m[[0m[31merror[0m] [0m[0m	at org.apache.spark.sql.execution.QueryExecution.analyzed(QueryExecution.scala:55)[0m
[0m[[0m[31merror[0m] [0m[0m	at org.apache.spark.sql.execution.QueryExecution.assertAnalyzed(QueryExecution.scala:47)[0m
[0m[[0m[31merror[0m] [0m[0m	at org.apache.spark.sql.Dataset$.ofRows(Dataset.scala:74)[0m
[0m[[0m[31merror[0m] [0m[0m	at org.apache.spark.sql.SparkSession.sql(SparkSession.scala:642)[0m
[0m[[0m[31merror[0m] [0m[0m	at org.apache.spark.sql.execution.QuerL3.totTestCou(QuerL3.scala:48)[0m
[0m[[0m[31merror[0m] [0m[0m	at org.apache.spark.sql.execution.Project2$.main(Project2.scala:69)[0m
[0m[[0m[31merror[0m] [0m[0m	at org.apache.spark.sql.execution.Project2.main(Project2.scala)[0m
[0m[[0m[31merror[0m] [0m[0m	at sun.reflect.NativeMethodAccessorImpl.invoke0(Native Method)[0m
[0m[[0m[31merror[0m] [0m[0m	at sun.reflect.NativeMethodAccessorImpl.invoke(NativeMethodAccessorImpl.java:62)[0m
[0m[[0m[31merror[0m] [0m[0m	at sun.reflect.DelegatingMethodAccessorImpl.invoke(DelegatingMethodAccessorImpl.java:43)[0m
[0m[[0m[31merror[0m] [0m[0m	at java.lang.reflect.Method.invoke(Method.java:498)[0m
[0m[[0m[31merror[0m] [0m[0m	at sbt.Run.invokeMain(Run.scala:143)[0m
[0m[[0m[31merror[0m] [0m[0m	at sbt.Run.execute$1(Run.scala:93)[0m
[0m[[0m[31merror[0m] [0m[0m	at sbt.Run.$anonfun$runWithLoader$5(Run.scala:120)[0m
[0m[[0m[31merror[0m] [0m[0m	at sbt.Run$.executeSuccess(Run.scala:186)[0m
[0m[[0m[31merror[0m] [0m[0m	at sbt.Run.runWithLoader(Run.scala:120)[0m
[0m[[0m[31merror[0m] [0m[0m	at sbt.Defaults$.$anonfun$bgRunTask$6(Defaults.scala:1983)[0m
[0m[[0m[31merror[0m] [0m[0m	at sbt.Defaults$.$anonfun$termWrapper$2(Defaults.scala:1922)[0m
[0m[[0m[31merror[0m] [0m[0m	at scala.runtime.java8.JFunction0$mcV$sp.apply(JFunction0$mcV$sp.java:23)[0m
[0m[[0m[31merror[0m] [0m[0m	at scala.util.Try$.apply(Try.scala:213)[0m
[0m[[0m[31merror[0m] [0m[0m	at sbt.internal.BackgroundThreadPool$BackgroundRunnable.run(DefaultBackgroundJobService.scala:369)[0m
[0m[[0m[31merror[0m] [0m[0m	at java.util.concurrent.ThreadPoolExecutor.runWorker(ThreadPoolExecutor.java:1149)[0m
[0m[[0m[31merror[0m] [0m[0m	at java.util.concurrent.ThreadPoolExecutor$Worker.run(ThreadPoolExecutor.java:624)[0m
[0m[[0m[31merror[0m] [0m[0m	at java.lang.Thread.run(Thread.java:750)[0m
[0m[[0m[31merror[0m] [0m[0m(Compile / [31mrun[0m) org.apache.spark.sql.AnalysisException: expression 'WHERE.`total_deaths`' is neither present in the group by, nor is it an aggregate function. Add to group by or wrap in first() (or first_value) if you don't care which value you get.;;[0m
[0m[[0m[31merror[0m] [0m[0mGlobalLimit 10[0m
[0m[[0m[31merror[0m] [0m[0m+- LocalLimit 10[0m
[0m[[0m[31merror[0m] [0m[0m   +- Sort [total_deaths#16 DESC NULLS LAST], true[0m
[0m[[0m[31merror[0m] [0m[0m      +- Aggregate [location#12], [location#12, total_deaths#16, (cast(max(total_tests#19) as double) / cast(max(population#23) as double)) AS test_per_pop#52][0m
[0m[[0m[31merror[0m] [0m[0m         +- SubqueryAlias WHERE[0m
[0m[[0m[31merror[0m] [0m[0m            +- SubqueryAlias new_case[0m
[0m[[0m[31merror[0m] [0m[0m               +- Relation[iso_code#10,continent#11,location#12,date#13,total_cases#14,new_cases#15,total_deaths#16,new_deaths#17,new_tests#18,total_tests#19,total_vaccinations#20,people_vaccinated#21,people_fully_vaccinated#22,population#23,population_density#24,median_age#25,aged_65_older#26,aged_70_older#27,gdp_per_capita#28,hospital_beds_per_thousand#29,life_expectancy#30] csv[0m
[0m[[0m[31merror[0m] [0m[0mTotal time: 24 s, completed Feb 14, 2022 2:10:10 PM[0m
[0m[[0m[0mdebug[0m] [0m[0m> Exec(shell, None, None)[0m
